#
# A fatal error has been detected by the Java Runtime Environment:
#
#  SIGSEGV (0xb) at pc=0x00007f5858088f4d, pid=2113, tid=0x00007f582eb8e700
#
# JRE version: OpenJDK Runtime Environment (8.0_162-b12) (build 1.8.0_162-8u162-b12-0ubuntu0.16.04.2-b12)
# Java VM: OpenJDK 64-Bit Server VM (25.162-b12 mixed mode linux-amd64 compressed oops)
# Problematic frame:
# C  [libc.so.6+0x39f4d]
#
# Failed to write core dump. Core dumps have been disabled. To enable core dumping, try "ulimit -c unlimited" before starting Java again
#
# If you would like to submit a bug report, please visit:
#   http://bugreport.java.com/bugreport/crash.jsp
# The crash happened outside the Java Virtual Machine in native code.
# See problematic frame for where to report the bug.
#

---------------  T H R E A D  ---------------

Current thread (0x00007f5850254800):  JavaThread "AWT-XAWT" daemon [_thread_in_native, id=2234, stack(0x00007f582ea8e000,0x00007f582eb8f000)]

siginfo: si_signo: 11 (SIGSEGV), si_code: 128 (SI_KERNEL), si_addr: 0x0000000000000000

Registers:
RAX=0x00007f583805e7ef, RBX=0x0000000000000001, RCX=0x00106a5f38c2f090, RDX=0x000feb0700bcfe00
RSP=0x00007f582eb8d450, RBP=0x00007f58584135f8, RSI=0x0000000000000001, RDI=0x00007f57fad02ef0
R8 =0x00007f583806cb50, R9 =0x0000000000000001, R10=0x00000000000003f8, R11=0x00007f58581e3f90
R12=0x0000000000000001, R13=0x00007f583805f2a0, R14=0x00007f582eb8d4f0, R15=0x00007f58501d9fd0
RIP=0x00007f5858088f4d, EFLAGS=0x0000000000010212, CSGSFS=0x002b000000000033, ERR=0x0000000000000000
  TRAPNO=0x000000000000000d

Top of Stack: (sp=0x00007f582eb8d450)
0x00007f582eb8d450:   000000000000004b 000000000000000b
0x00007f582eb8d460:   00007f58581df9a8 0000000002212860
0x00007f582eb8d470:   00007f58501f05a0 00007f5858089045
0x00007f582eb8d480:   0000000000000066 00007f57f4fcbee1
0x00007f582eb8d490:   00007f58501f1860 00007f58501f1860
0x00007f582eb8d4a0:   0000000002212860 0000000002212860
0x00007f582eb8d4b0:   0000000000000000 00007f583c547cee
0x00007f582eb8d4c0:   00007f58501f1860 00007f583c545d4a
0x00007f582eb8d4d0:   000000010027d618 00007f582eb8d540
0x00007f582eb8d4e0:   0000000000000000 0000000100000000
0x00007f582eb8d4f0:   0000000000000000 6f178b9b98e13700
0x00007f582eb8d500:   00007f582eb8d590 00007f58501f1860
0x00007f582eb8d510:   00007f582eb8d59c 00007f582eb8d5a0
0x00007f582eb8d520:   00007f582eb8d6c8 00007f582eb8d5f0
0x00007f582eb8d530:   00007f5850254800 00007f583c52ae43
0x00007f582eb8d540:   00007f57ec10f1b8 00000000c2bd6760
0x00007f582eb8d550:   00000000c2a5ff88 00000000c2a60f98
0x00007f582eb8d560:   00000000c2a600a8 6f178b9b98e13700
0x00007f582eb8d570:   00007f57ec15bf68 00007f582eb8d5b0
0x00007f582eb8d580:   0000000000000000 00007f583ca81b67
0x00007f582eb8d590:   00007f58579289f0 00007f58082431c0
0x00007f582eb8d5a0:   0000000000000017 6f178b9b98e13700
0x00007f582eb8d5b0:   00007f582eb8d600 00007f584148c671
0x00007f582eb8d5c0:   00000000c2a0d4e0 00007f5841aa016c
0x00007f582eb8d5d0:   00000000c2a60c00 00007f58ec8c5be8
0x00007f582eb8d5e0:   00007f582eb8d708 00007f584126ff9c
0x00007f582eb8d5f0:   00000000c2a1b428 00007f58502543a0
0x00007f582eb8d600:   00007f582eb8d708 00007f584179ceb4
0x00007f582eb8d610:   00007f57ec10f1b8 00000000c2a5ff88
0x00007f582eb8d620:   00007f5800000001 00007f5856f944f7
0x00007f582eb8d630:   00007f582eb8d708 00007f584205ba64
0x00007f582eb8d640:   00007f57ec10f1b8 00000000c2eca2d0 

Instructions: (pc=0x00007f5858088f4d)
0x00007f5858088f2d:   ed 74 50 49 8b 45 08 48 89 c2 48 c1 e2 05 48 85
0x00007f5858088f3d:   c0 49 8d 4c 15 f0 74 2a 48 83 e8 01 49 89 45 08
0x00007f5858088f4d:   48 8b 11 48 83 fa 03 0f 84 a6 00 00 00 48 83 fa
0x00007f5858088f5d:   04 74 78 48 83 fa 02 74 4a 48 83 e9 20 48 85 c0 

Register to memory mapping:

RAX=0x00007f583805e7ef is an unknown value
RBX=0x0000000000000001 is an unknown value
RCX=0x00106a5f38c2f090 is an unknown value
RDX=0x000feb0700bcfe00 is an unknown value
RSP=0x00007f582eb8d450 is pointing into the stack for thread: 0x00007f5850254800
RBP=0x00007f58584135f8: <offset 0x3c45f8> in /lib/x86_64-linux-gnu/libc.so.6 at 0x00007f585804f000
RSI=0x0000000000000001 is an unknown value
RDI=