#
# A fatal error has been detected by the Java Runtime Environment:
#
#  SIGSEGV (0xb) at pc=0x00007fd6b21e5f4d, pid=2443, tid=0x00007fd69049b700
#
# JRE version: OpenJDK Runtime Environment (8.0_162-b12) (build 1.8.0_162-8u162-b12-0ubuntu0.16.04.2-b12)
# Java VM: OpenJDK 64-Bit Server VM (25.162-b12 mixed mode linux-amd64 compressed oops)
# Problematic frame:
# C  [libc.so.6+0x39f4d]
#
# Failed to write core dump. Core dumps have been disabled. To enable core dumping, try "ulimit -c unlimited" before starting Java again
#
# If you would like to submit a bug report, please visit:
#   http://bugreport.java.com/bugreport/crash.jsp
# The crash happened outside the Java Virtual Machine in native code.
# See problematic frame for where to report the bug.
#

---------------  T H R E A D  ---------------

Current thread (0x00007fd6ac24b000):  JavaThread "AWT-XAWT" daemon [_thread_in_native, id=2688, stack(0x00007fd69039b000,0x00007fd69049c000)]

siginfo: si_signo: 11 (SIGSEGV), si_code: 128 (SI_KERNEL), si_addr: 0x0000000000000000

Registers:
RAX=0x00007fd62c1a467f, RBX=0x0000000000000001, RCX=0x00107a9baf6321a0, RDX=0x000ffac58348d000
RSP=0x00007fd69049a210, RBP=0x00007fd6b25705f8, RSI=0x0000000000000001, RDI=0x00007fd61bfff640
R8 =0x00007fd62c1a5ec0, R9 =0x0000000000000000, R10=0x0000000000000002, R11=0x0000000000000000
R12=0x0000000000000001, R13=0x00007fd62c1a51b0, R14=0x00007fd69049a2b0, R15=0x00007fd6ac1d0e70
RIP=0x00007fd6b21e5f4d, EFLAGS=0x0000000000010212, CSGSFS=0x002b000000000033, ERR=0x0000000000000000
  TRAPNO=0x000000000000000d

Top of Stack: (sp=0x00007fd69049a210)
0x00007fd69049a210:   00007fd65000ab60 000000000000000b
0x00007fd69049a220:   00007fd6b233c9a8 00007fd65000ab60
0x00007fd69049a230:   00007fd6ac1e7710 00007fd6b21e6045
0x00007fd69049a240:   000000000000000b 00007fd612537ee1
0x00007fd69049a250:   00007fd6ac1e8740 00007fd6ac1e8740
0x00007fd69049a260:   00007fd65000ab60 00007fd65000ab60
0x00007fd69049a270:   0000000000000000 00007fd691d75cee
0x00007fd69049a280:   00007fd6ac1e8740 00007fd691d73d4a
0x00007fd69049a290:   000000009049a3f0 00007fd69049a300
0x00007fd69049a2a0:   0000000000000000 0000000100000000
0x00007fd69049a2b0:   0000000000000000 08d8c14d0fa54600
0x00007fd69049a2c0:   00000000c2a9dc58 00007fd6ac1e8740
0x00007fd69049a2d0:   00007fd69049a35c 00007fd69049a360
0x00007fd69049a2e0:   00007fd698bebb70 00007fd69049a3f8
0x00007fd69049a2f0:   00007fd6ac24b000 00007fd691d58e43
0x00007fd69049a300:   00007fd69049a4e0 08d8c14d0fa54600
0x00007fd69049a310:   00000000c2a9db98 00007fd69be161bc
0x00007fd69049a320:   0000000000000004 08d8c14d0fa54600
0x00007fd69049a330:   00007fd698bebb70 00007fd69049a370
0x00007fd69049a340:   0000000000000000 00007fd6922c8b67
0x00007fd69049a350:   0000000000000300 00007fd6ac24b000
0x00007fd69049a360:   00007fd6ac24b1e0 08d8c14d0fa54600
0x00007fd69049a370:   00007fd69049a3d0 00007fd69ba7e7e8
0x00007fd69049a380:   00007fd69049a3b0 00007fd6b12d8baa
0x00007fd69049a390:   00007fd69049a390 0000000000000000
0x00007fd69049a3a0:   00007fd69049a3f8 00007fd698bf0808
0x00007fd69049a3b0:   0000000000000000 00007fd698bebb70
0x00007fd69049a3c0:   0000000000000000 00007fd69049a3f0
0x00007fd69049a3d0:   00007fd69049a440 00007fd69ba65bb0
0x00007fd69049a3e0:   00000000c2d0b0b0 00007fd69ba74a77
0x00007fd69049a3f0:   00007fd6ac1e8740 00007fd69ba65bb0
0x00007fd69049a400:   00007fd69049a400 00007fd609793fa6 

Instructions: (pc=0x00007fd6b21e5f4d)
0x00007fd6b21e5f2d:   ed 74 50 49 8b 45 08 48 89 c2 48 c1 e2 05 48 85
0x00007fd6b21e5f3d:   c0