#
# A fatal error has been detected by the Java Runtime Environment:
#
#  SIGSEGV (0xb) at pc=0x000000012d9dacdd, pid=4143, tid=0x000000000001230f
#
# JRE version: Java(TM) SE Runtime Environment (8.0_111-b14) (build 1.8.0_111-b14)
# Java VM: Java HotSpot(TM) 64-Bit Server VM (25.111-b14 mixed mode bsd-amd64 compressed oops)
# Problematic frame:
# C  [libawt_lwawt.dylib+0x1acdd]  OGLSD_SetScratchSurface+0x49
#
# Failed to write core dump. Core dumps have been disabled. To enable core dumping, try "ulimit -c unlimited" before starting Java again
#
# If you would like to submit a bug report, please visit:
#   http://bugreport.java.com/bugreport/crash.jsp
# The crash happened outside the Java Virtual Machine in native code.
# See problematic frame for where to report the bug.
#

---------------  T H R E A D  ---------------

Current thread (0x00007fc3ff005800):  JavaThread "Java2D Queue Flusher" daemon [_thread_in_native, id=74511, stack(0x0000700009d85000,0x0000700009e85000)]

siginfo: si_signo: 11 (SIGSEGV), si_code: 1 (SEGV_MAPERR), si_addr: 0x0000000000000002

Registers:
RAX=0x00000000ffffffff, RBX=0x0000000000000002, RCX=0x0000000000000047, RDX=0x000000012d9fb844
RSP=0x0000700009e847e0, RBP=0x0000700009e84800, RSI=0x00007fc3fc516b80, RDI=0x00007fc3ff0059f8
R8 =0x00007fc3fea66b48, R9 =0xffffffff00000000, R10=0x000000011301a038, R11=0x0000000000000020
R12=0x0000000000000000, R13=0x000000011391b6ac, R14=0x00007fc3ff0059f8, R15=0x00007fc3ff005800
RIP=0x000000012d9dacdd, EFLAGS=0x0000000000010202, ERR=0x0000000000000004
  TRAPNO=0x000000000000000e

Top of Stack: (sp=0x0000700009e847e0)
0x0000700009e847e0:   00007fc3fc516b80 0000000000000000
0x0000700009e847f0:   00007fc3fca70810 00007fc3ff005800
0x0000700009e84800:   0000700009e84880 000000012d9fb322
0x0000700009e84810:   0000000000000064 00007fc3fea66248
0x0000700009e84820:   0000700009e84880 000000011014ea48
0x0000700009e84830:   0000000000000005 00007fc3ff005800
0x0000700009e84840:   00000006c00e9301 00007fc3fca70820
0x0000700009e84850:   0000700000e84800 00007fc3ff0059f8
0x0000700009e84860:   00000000ed697d47 0000000000000000
0x0000700009e84870:   0000700009e848d8 00007fc3ff005800
0x0000700009e84880:   0000700009e848d0 000000011301a0aa
0x0000700009e84890:   00000006c00e92b8 0000000000000000
0x0000700009e848a0:   0000700009e848e0 00000000ed5a03b4
0x0000700009e848b0:   000000011391b6ac 0000000000000001
0x0000700009e848c0:   0000000000000001 0000000000000128
0x0000700009e848d0:   00000000d801d257 000000011391b47c
0x0000700009e848e0:   00000006c00e92b8 0000014e00000000
0x0000700009e848f0:   00000006c00e9340 0000000700000020
0x0000700009e84900:   0000000100000128 0000700009e84960
0x0000700009e84910:   00000006c00e9340 00000006c00e94b8
0x0000700009e84920:   00000006c00e94bc 00000006c00e94c0
0x0000700009e84930:   00000006c00e94c4 0000700009e849d0
0x0000700009e84940:   0000000000000001 0000000000000000
0x0000700009e84950:   0000700009e849d0 000000011293a7a7
0x0000700009e84960:   00000006c00ea570 00000006c0103c88
0x0000700009e84970:   0000000100001fa0 000000000000000a
0x0000700009e84980:   00007fc3ff005800 0000000000000001
0x0000700009e84990:   000000011293a71f 0000000129fda710
0x0000700009e849a0:   0000700009e84a68 0000700009e84d00
0x0000700009e849b0:   000000010000000a 0000000129fda710
0x0000700009e849c0:   00000001129531c0 0000700009e84c70
0x0000700009e849d0:   0000700009e84b80 00000001100ecf8a 

Instructions: (pc=0x000000012d9dacdd)
0x000000012d9dacbd:   c0 e9 82 00 00 00 48 8b 5e 10 48 85 db 75 0e bf
0x000000012d9daccd:   01 00 00 00 48 8d 15 ef 76 03 00 eb d6 49 89 fe
0x000000012d9dacdd:   4c 8b 3b 30 c0 e8 83 a3 02 00 49 8b 3f 49 89 c4
0x000000012d9daced:   48 8b 35 34 f9 05 00 30 c0 e8 cb a4 02 00 48 85 

Register to memory mapping:

RAX=0x00000000ffffffff is an unknown value
RBX=0x0000000000000002 is an unknown value
RCX=0x0000000000000047 is an unknown value
RDX=0x000000012d9fb844: Java_sun_java2d_opengl_OGLRenderQueue_flushBuffer+0xb5c in /private/var/folders/mh/nt3p58_53ps0w9ckkkck1pgr0000gn/T/AppTranslocation/E4C60560-8943-4EDD-A585-F3F22C9F2D2B/d/Greenfoot.app/Contents/JDK/Home/jre/lib/libawt_lwawt.dylib at 0x000000012d9c0000
RSP=0x0000700009e847e0 is pointing into the stack for thread: 0x00007fc3ff005800
RBP=0x0000700009e84800 is pointing into the stack for thread: 0x00007fc3ff005800
RSI=0x00007fc3fc516b80 is an unknown value
RDI=0x00007fc3ff0059f8 is an unknown value
R8 =0x00007fc3fea66b48 is an unknown value
R9 =0xffffffff00000000 is an unknown value
R10=0x000000011301a038 is at entry_point+56 in (nmethod*)0x0000000113019e90
R11=0x0000000000000020 is an unknown value
R12=0x0000000000000000 is an unknown value
R13=0x000000011391b6ac is at entry_point+1260 in (nmethod*)0x000000011391af10
R14=0x00007fc3ff0059f8 is an unknown value
R15=0x00007fc3ff005800 is a thread


Stack: [0x0000700009d85000,0x0000700009e85000],  sp=0x0000700009e847e0,  free space=1021k
Native frames: (J=compiled Java code, j=interpreted, Vv=VM code, C=native code)
C  [libawt_lwawt.dylib+0x1acdd]  OGLSD_SetScratchSurface+0x49
C  [libawt_lwawt.dylib+0x3b322]  Java_sun_java2d_opengl_OGLRenderQueue_flushBuffer+0x63a
J 2156  sun.java2d.opengl.OGLRenderQueue.flushBuffer(JI)V (0 bytes) @ 0x000000011301a0aa [0x000000011301a000+0xaa]
J 5579% C2 sun.java2d.opengl.OGLRenderQueue$QueueFlusher.run()V (234 bytes) @ 0x000000011391b47c [0x000000011391b1c0+0x2bc]
v  ~StubRoutines::call_stub
V  [libjvm.dylib+0x2ecf8a]
V  [libjvm.dylib+0x2ed718]
V  [libjvm.dylib+0x2ed8c4]
V  [libjvm.dylib+0x348039]
V  [libjvm.dylib+0x56a27b]
V  [libjvm.dylib+0x56b968]
V  [libjvm.dylib+0x489b0a]
C  [libsystem_pthread.dylib+0x3661]  _pthread_body+0x154
C  [libsystem_pthread.dylib+0x350d]  _pthread_body+0x0
C  [libsystem_pthread.dylib+0x2bf9]  thread_start+0xd
C  0x0000000000000000

Java frames: (J=compiled Java code, j=interpreted, Vv=VM code)
J 2156  sun.java2d.opengl.OGLRenderQueue.flushBuffer(JI)V (0 bytes) @ 0x000000011301a038 [0x000000011301a000+0x38]
J 5579% C2 sun.java2d.opengl.OGLRenderQueue$QueueFlusher.run()V (234 bytes) @ 0x000000011391b47c [0x000000011391b1c0+0x2bc]
v  ~StubRoutines::call_stub

---------------  P R O C E S S  ---------------

Java Threads: ( => current thread )
  0x00007fc3eca81000 JavaThread "RMI TCP Connection(idle)" daemon [_thread_blocked, id=112311, stack(0x0000700007f9f000,0x000070000809f000)]
  0x00007fc3ed34f000 JavaThread "SoundStream:file:/Users/shikimac/Documents/GitHub/team202-horizon-zero-dawn/jump&eat/sounds/nyan_cat.mp3" [_thread_blocked, id=105575, stack(0x000070000af3e000,0x000070000b03e000)]
  0x00007fc3ffdcd000 JavaThread "Thread-17" daemon [_thread_blocked, id=102859, stack(0x000070000b0c7000,0x000070000b1c7000)]
  0x00007fc3ec805000 JavaThread "SoundStream:file:/Users/shikimac/Documents/GitHub/team202-horizon-zero-dawn/jump&eat/sounds/nyan_cat.mp3" [_thread_blocked, id=58455, stack(0x000070000adb8000,0x000070000aeb8000)]
  0x00007fc3ec803000 JavaThread "Java Sound Event Dispatcher" daemon [_thread_blocked, id=72539, stack(0x000070000a59d000,0x000070000a69d000)]
  0x00007fc4074ec000 JavaThread "RMI TCP Accept-55862" daemon [_thread_in_native, id=117195, stack(0x000070000a929000,0x000070000aa29000)]
  0x00007fc3fcb7c000 JavaThread "TimerQueue" daemon [_thread_blocked, id=94219, stack(0x000070000acb5000,0x000070000adb5000)]
  0x00007fc400824800 JavaThread "Thread-8" daemon [_thread_blocked, id=67339, stack(0x000070000ab2f000,0x000070000ac2f000)]
  0x00007fc3ff1c1000 JavaThread "main" [_thread_blocked, id=71691, stack(0x000070000a191000,0x000070000a291000)]
  0x00007fc3ff11e000 JavaThread "SimulationThread" [_thread_blocked, id=68099, stack(0x000070000aa2c000,0x000070000ab2c000)]
  0x00007fc3fc9f0000 JavaThread "Thread-6" daemon [_thread_in_native, id=68611, stack(0x000070000a8a6000,0x000070000a926000)]
  0x00007fc3ffa21800 JavaThread "Thread-5" daemon [_thread_blocked, id=61443, stack(0x000070000a7a3000,0x000070000a8a3000)]
  0x00007fc3ffa13000 JavaThread "QuantumRenderer-0" daemon [_thread_blocked, id=72203, stack(0x000070000a08e000,0x000070000a18e000)]
  0x00007fc40025c000 JavaThread "AWT-EventQueue-0" [_thread_blocked, id=60683, stack(0x000070000a6a0000,0x000070000a7a0000)]
  0x00007fc3fd822800 JavaThread "RMI Reaper" [_thread_blocked, id=69891, stack(0x000070000a49a000,0x000070000a59a000)]
  0x00007fc3fc9d7800 JavaThread "RMI TCP Accept-0" daemon [_thread_in_native, id=59411, stack(0x000070000a397000,0x000070000a497000)]
  0x00007fc3fca89800 JavaThread "Java2D Disposer" daemon [_thread_blocked, id=70415, stack(0x000070000a294000,0x000070000a394000)]
=>0x00007fc3ff005800 JavaThread "Java2D Queue Flusher" daemon [_thread_in_native, id=74511, stack(0x0000700009d85000,0x0000700009e85000)]
  0x00007fc3ff9a4800 JavaThread "GC Daemon" daemon [_thread_blocked, id=72963, stack(0x0000700009f8b000,0x000070000a08b000)]
  0x00007fc3fd827000 JavaThread "RMI RenewClean-[127.0.0.1:55697]" daemon [_thread_blocked, id=73479, stack(0x0000700009e88000,0x0000700009f88000)]
  0x00007fc400047000 JavaThread "RMI Scheduler(0)" daemon [_thread_blocked, id=81691, stack(0x0000700009b7f000,0x0000700009c7f000)]
  0x00007fc3ff9a8000 JavaThread "DestroyJavaVM" [_thread_blocked, id=6147, stack(0x0000700008128000,0x0000700008228000)]
  0x00007fc3fc9a4000 JavaThread "BlueJ worker thread" [_thread_blocked, id=57347, stack(0x0000700009c82000,0x0000700009d82000)]
  0x00007fc3ff0c7800 JavaThread "AWT-Shutdown" [_thread_blocked, id=38187, stack(0x000070000976a000,0x000070000986a000)]
  0x00007fc3fc882800 JavaThread "JavaFX Application Thread" daemon [_thread_in_native, id=775, stack(0x00007ffee07d6000,0x00007ffee0fd6000)]
  0x00007fc3ff86a800 JavaThread "Service Thread" daemon [_thread_blocked, id=22019, stack(0x0000700009564000,0x0000700009664000)]
  0x00007fc3ff869800 JavaThread "C1 CompilerThread3" daemon [_thread_blocked, id=43267, stack(0x0000700009461000,0x0000700009561000)]
  0x00007fc3fc819000 JavaThread "C2 CompilerThread2" daemon [_thread_blocked, id=16387, stack(0x000070000935e000,0x000070000945e000)]
  0x00007fc3ff869000 JavaThread "C2 CompilerThread1" daemon [_thread_blocked, id=16643, stack(0x000070000925b000,0x000070000935b000)]
  0x00007fc3fc810000 JavaThread "C2 CompilerThread0" daemon [_thread_blocked, id=16899, stack(0x0000700009158000,0x0000700009258000)]
  0x00007fc3ff04d800 JavaThread "JDWP Command Reader" daemon [_thread_in_native, id=17155, stack(0x0000700009055000,0x0000700009155000)]
  0x00007fc3ff81c800 JavaThread "JDWP Event Helper Thread" daemon [_thread_blocked, id=15363, stack(0x0000700008f52000,0x0000700009052000)]
  0x00007fc3ff807800 JavaThread "JDWP Transport Listener: dt_socket" daemon [_thread_blocked, id=15111, stack(0x0000700008e4f000,0x0000700008f4f000)]
  0x00007fc3fd800000 JavaThread "Signal Dispatcher" daemon [_thread_blocked, id=17931, stack(0x0000700008d4c000,0x0000700008e4c000)]
  0x00007fc3fe02b800 JavaThread "Finalizer" daemon [_thread_blocked, id=19459, stack(0x0000700008c49000,0x0000700008d49000)]
  0x00007fc3fe029000 JavaThread "Reference Handler" daemon [_thread_blocked, id=12803, stack(0x0000700008b46000,0x0000700008c46000)]

Other Threads:
  0x00007fc3fe024000 VMThread [stack: 0x0000700008a43000,0x0000700008b43000] [id=19971]
  0x00007fc3ff88b000 WatcherThread [stack: 0x0000700009667000,0x0000700009767000] [id=22275]

VM state:not at safepoint (normal execution)

VM Mutex/Monitor currently owned by a thread: None

Heap:
 PSYoungGen      total 68608K, used 0K [0x000000076ab00000, 0x000000076f280000, 0x00000007c0000000)
  eden space 64000K, 0% used [0x000000076ab00000,0x000000076ab00000,0x000000076e980000)
  from space 4608K, 0% used [0x000000076ee00000,0x000000076ee00000,0x000000076f280000)
  to   space 4608K, 0% used [0x000000076e980000,0x000000076e980000,0x000000076ee00000)
 ParOldGen       total 175104K, used 16249K [0x00000006c0000000, 0x00000006cab00000, 0x000000076ab00000)
  object space 175104K, 9% used [0x00000006c0000000,0x00000006c0fde580,0x00000006cab00000)
 Metaspace       used 29992K, capacity 30702K, committed 31232K, reserved 1077248K
  class space    used 3732K, capacity 3944K, committed 4096K, reserved 1048576K

Card table byte_map: [0x0000000111161000,0x0000000111962000] byte_map_base: 0x000000010db61000

Marking Bits: (ParMarkBitMap*) 0x00000001106efd20
 Begin Bits: [0x000000012193a000, 0x000000012593a000)
 End Bits:   [0x000000012593a000, 0x000000012993a000)

Polling page: 0x000000010ecae000

CodeCache: size=245760Kb used=17284Kb max_used=17343Kb free=228475Kb
 bounds [0x000000011293a000, 0x0000000113a5a000, 0x000000012193a000]
 total_blobs=5339 nmethods=4601 adapters=657
 compilation: enabled

Compilation events (10 events):
Event: 13608.648 Thread 0x00007fc3ff869000 nmethod 5665 0x0000000112f91790 code [0x0000000112f91900, 0x0000000112f91cf8]
Event: 13610.999 Thread 0x00007fc3fc810000 nmethod 5666 0x0000000113a29a10 code [0x0000000113a2a5e0, 0x0000000113a382b8]
Event: 14149.450 Thread 0x00007fc3ff869800 5667  s    3       java.net.Socket::setSoTimeout (50 bytes)
Event: 14149.450 Thread 0x00007fc3ff869800 nmethod 5667 0x00000001139fb450 code [0x00000001139fb660, 0x00000001139fc098]
Event: 14208.633 Thread 0x00007fc3ff869800 5668  s    3       java.lang.Thread::setName (36 bytes)
Event: 14208.633 Thread 0x00007fc3fc810000 5669       4       java.lang.CharacterDataLatin1::digit (91 bytes)
Event: 14208.634 Thread 0x00007fc3ff869800 nmethod 5668 0x00000001139fa990 code [0x00000001139fab40, 0x00000001139fb1e8]
Event: 14208.635 Thread 0x00007fc3fc810000 nmethod 5669 0x00000001139fa550 code [0x00000001139fa6a0, 0x00000001139fa7f8]
Event: 14449.449 Thread 0x00007fc3fc819000 5670   !   4       java.net.Socket::isClosed (19 bytes)
Event: 14449.450 Thread 0x00007fc3fc819000 nmethod 5670 0x00000001135f5b10 code [0x00000001135f5c60, 0x00000001135f5e98]

GC Heap History (10 events):
Event: 7660.256 GC heap before
{Heap before GC invocations=131 (full 63):
 PSYoungGen      total 66560K, used 2496K [0x000000076ab00000, 0x000000076f400000, 0x00000007c0000000)
  eden space 64000K, 0% used [0x000000076ab00000,0x000000076ab00000,0x000000076e980000)
  from space 2560K, 97% used [0x000000076f180000,0x000000076f3f0000,0x000000076f400000)
  to   space 4608K, 0% used [0x000000076eb00000,0x000000076eb00000,0x000000076ef80000)
 ParOldGen       total 175104K, used 19953K [0x00000006c0000000, 0x00000006cab00000, 0x000000076ab00000)
  object space 175104K, 11% used [0x00000006c0000000,0x00000006c137c7f8,0x00000006cab00000)
 Metaspace       used 30102K, capacity 30936K, committed 31232K, reserved 1077248K
  class space    used 3759K, capacity 3999K, committed 4096K, reserved 1048576K
Event: 7660.331 GC heap after
Heap after GC invocations=131 (full 63):
 PSYoungGen      total 66560K, used 0K [0x000000076ab00000, 0x000000076f400000, 0x00000007c0000000)
  eden space 64000K, 0% used [0x000000076ab00000,0x000000076ab00000,0x000000076e980000)
  from space 2560K, 0% used [0x000000076f180000,0x000000076f180000,0x000000076f400000)
  to   space 4608K, 0% used [0x000000076eb00000,0x000000076eb00000,0x000000076ef80000)
 ParOldGen       total 175104K, used 17456K [0x00000006c0000000, 0x00000006cab00000, 0x000000076ab00000)
  object space 175104K, 9% used [0x00000006c0000000,0x00000006c110c1a0,0x00000006cab00000)
 Metaspace       used 29998K, capacity 30770K, committed 31232K, reserved 1077248K
  class space    used 3741K, capacity 3966K, committed 4096K, reserved 1048576K
}
Event: 11260.335 GC heap before
{Heap before GC invocations=132 (full 63):
 PSYoungGen      total 66560K, used 27633K [0x000000076ab00000, 0x000000076f400000, 0x00000007c0000000)
  eden space 64000K, 43% used [0x000000076ab00000,0x000000076c5fc5f8,0x000000076e980000)
  from space 2560K, 0% used [0x000000076f180000,0x000000076f180000,0x000000076f400000)
  to   space 4608K, 0% used [0x000000076eb00000,0x000000076eb00000,0x000000076ef80000)
 ParOldGen       total 175104K, used 17456K [0x00000006c0000000, 0x00000006cab00000, 0x000000076ab00000)
  object space 175104K, 9% used [0x00000006c0000000,0x00000006c110c1a0,0x00000006cab00000)
 Metaspace       used 30049K, capacity 30834K, committed 31232K, reserved 1077248K
  class space    used 3741K, capacity 3966K, committed 4096K, reserved 1048576K
Event: 11260.341 GC heap after
Heap after GC invocations=132 (full 63):
 PSYoungGen      total 64512K, used 512K [0x000000076ab00000, 0x000000076f280000, 0x00000007c0000000)
  eden space 64000K, 0% used [0x000000076ab00000,0x000000076ab00000,0x000000076e980000)
  from space 512K, 100% used [0x000000076eb00000,0x000000076eb80000,0x000000076eb80000)
  to   space 4608K, 0% used [0x000000076ee00000,0x000000076ee00000,0x000000076f280000)
 ParOldGen       total 175104K, used 17464K [0x00000006c0000000, 0x00000006cab00000, 0x000000076ab00000)
  object space 175104K, 9% used [0x00000006c0000000,0x00000006c110e1a0,0x00000006cab00000)
 Metaspace       used 30049K, capacity 30834K, committed 31232K, reserved 1077248K
  class space    used 3741K, capacity 3966K, committed 4096K, reserved 1048576K
}
Event: 11260.341 GC heap before
{Heap before GC invocations=133 (full 64):
 PSYoungGen      total 64512K, used 512K [0x000000076ab00000, 0x000000076f280000, 0x00000007c0000000)
  eden space 64000K, 0% used [0x000000076ab00000,0x000000076ab00000,0x000000076e980000)
  from space 512K, 100% used [0x000000076eb00000,0x000000076eb80000,0x000000076eb80000)
  to   space 4608K, 0% used [0x000000076ee00000,0x000000076ee00000,0x000000076f280000)
 ParOldGen       total 175104K, used 17464K [0x00000006c0000000, 0x00000006cab00000, 0x000000076ab00000)
  object space 175104K, 9% used [0x00000006c0000000,0x00000006c110e1a0,0x00000006cab00000)
 Metaspace       used 30049K, capacity 30834K, committed 31232K, reserved 1077248K
  class space    used 3741K, capacity 3966K, committed 4096K, reserved 1048576K
Event: 11260.621 GC heap after
Heap after GC invocations=133 (full 64):
 PSYoungGen      total 64512K, used 0K [0x000000076ab00000, 0x000000076f280000, 0x00000007c0000000)
  eden space 64000K, 0% used [0x000000076ab00000,0x000000076ab00000,0x000000076e980000)
  from space 512K, 0% used [0x000000076eb00000,0x000000076eb00000,0x000000076eb80000)
  to   space 4608K, 0% used [0x000000076ee00000,0x000000076ee00000,0x000000076f280000)
 ParOldGen       total 175104K, used 16434K [0x00000006c0000000, 0x00000006cab00000, 0x000000076ab00000)
  object space 175104K, 9% used [0x00000006c0000000,0x00000006c100ca00,0x00000006cab00000)
 Metaspace       used 29998K, capacity 30750K, committed 31232K, reserved 1077248K
  class space    used 3734K, capacity 3952K, committed 4096K, reserved 1048576K
}
Event: 14860.630 GC heap before
{Heap before GC invocations=134 (full 64):
 PSYoungGen      total 64512K, used 11008K [0x000000076ab00000, 0x000000076f280000, 0x00000007c0000000)
  eden space 64000K, 17% used [0x000000076ab00000,0x000000076b5c02b0,0x000000076e980000)
  from space 512K, 0% used [0x000000076eb00000,0x000000076eb00000,0x000000076eb80000)
  to   space 4608K, 0% used [0x000000076ee00000,0x000000076ee00000,0x000000076f280000)
 ParOldGen       total 175104K, used 16434K [0x00000006c0000000, 0x00000006cab00000, 0x000000076ab00000)
  object space 175104K, 9% used [0x00000006c0000000,0x00000006c100ca00,0x00000006cab00000)
 Metaspace       used 30023K, capacity 30750K, committed 31232K, reserved 1077248K
  class space    used 3737K, capacity 3952K, committed 4096K, reserved 1048576K
Event: 14860.633 GC heap after
Heap after GC invocations=134 (full 64):
 PSYoungGen      total 68608K, used 288K [0x000000076ab00000, 0x000000076f280000, 0x00000007c0000000)
  eden space 64000K, 0% used [0x000000076ab00000,0x000000076ab00000,0x000000076e980000)
  from space 4608K, 6% used [0x000000076ee00000,0x000000076ee48000,0x000000076f280000)
  to   space 4608K, 0% used [0x000000076e980000,0x000000076e980000,0x000000076ee00000)
 ParOldGen       total 175104K, used 16442K [0x00000006c0000000, 0x00000006cab00000, 0x000000076ab00000)
  object space 175104K, 9% used [0x00000006c0000000,0x00000006c100ea00,0x00000006cab00000)
 Metaspace       used 30023K, capacity 30750K, committed 31232K, reserved 1077248K
  class space    used 3737K, capacity 3952K, committed 4096K, reserved 1048576K
}
Event: 14860.633 GC heap before
{Heap before GC invocations=135 (full 65):
 PSYoungGen      total 68608K, used 288K [0x000000076ab00000, 0x000000076f280000, 0x00000007c0000000)
  eden space 64000K, 0% used [0x000000076ab00000,0x000000076ab00000,0x000000076e980000)
  from space 4608K, 6% used [0x000000076ee00000,0x000000076ee48000,0x000000076f280000)
  to   space 4608K, 0% used [0x000000076e980000,0x000000076e980000,0x000000076ee00000)
 ParOldGen       total 175104K, used 16442K [0x00000006c0000000, 0x00000006cab00000, 0x000000076ab00000)
  object space 175104K, 9% used [0x00000006c0000000,0x00000006c100ea00,0x00000006cab00000)
 Metaspace       used 30023K, capacity 30750K, committed 31232K, reserved 1077248K
  class space    used 3737K, capacity 3952K, committed 4096K, reserved 1048576K
Event: 14860.715 GC heap after
Heap after GC invocations=135 (full 65):
 PSYoungGen      total 68608K, used 0K [0x000000076ab00000, 0x000000076f280000, 0x00000007c0000000)
  eden space 64000K, 0% used [0x000000076ab00000,0x000000076ab00000,0x000000076e980000)
  from space 4608K, 0% used [0x000000076ee00000,0x000000076ee00000,0x000000076f280000)
  to   space 4608K, 0% used [0x000000076e980000,0x000000076e980000,0x000000076ee00000)
 ParOldGen       total 175104K, used 16249K [0x00000006c0000000, 0x00000006cab00000, 0x000000076ab00000)
  object space 175104K, 9% used [0x00000006c0000000,0x00000006c0fde580,0x00000006cab00000)
 Metaspace       used 29992K, capacity 30702K, committed 31232K, reserved 1077248K
  class space    used 3732K, capacity 3944K, committed 4096K, reserved 1048576K
}

Deoptimization events (10 events):
Event: 13598.541 Thread 0x00007fc40025c000 Uncommon trap: reason=unstable_if action=reinterpret pc=0x00000001133df440 method=sun.java2d.loops.Blit.getFromCache(Lsun/java2d/loops/SurfaceType;Lsun/java2d/loops/CompositeType;Lsun/java2d/loops/SurfaceType;)Lsun/java2d/loops/Blit; @ 11
Event: 13598.541 Thread 0x00007fc40025c000 Uncommon trap: reason=unstable_if action=reinterpret pc=0x0000000113797898 method=sun.java2d.SunGraphics2D.getCompClip()Lsun/java2d/pipe/Region; @ 7
Event: 13598.542 Thread 0x00007fc40025c000 Uncommon trap: reason=bimorphic action=maybe_recompile pc=0x000000011387973c method=sun.java2d.SunGraphics2D.fillRect(IIII)V @ 10
Event: 13598.543 Thread 0x00007fc3fc882800 Uncommon trap: reason=class_check action=maybe_recompile pc=0x0000000113760e4c method=java.util.HashSet.<init>(Ljava/util/Collection;)V @ 10
Event: 13598.543 Thread 0x00007fc40025c000 Uncommon trap: reason=bimorphic action=maybe_recompile pc=0x000000011380dd0c method=sun.java2d.SunGraphics2D.drawImage(Ljava/awt/Image;IILjava/awt/Color;Ljava/awt/image/ImageObserver;)Z @ 66
Event: 13598.543 Thread 0x00007fc40025c000 Uncommon trap: reason=bimorphic action=maybe_recompile pc=0x000000011380dd0c method=sun.java2d.SunGraphics2D.drawImage(Ljava/awt/Image;IILjava/awt/Color;Ljava/awt/image/ImageObserver;)Z @ 66
Event: 13598.546 Thread 0x00007fc40025c000 Uncommon trap: reason=unstable_if action=reinterpret pc=0x0000000113591ec0 method=sun.java2d.SurfaceData.validatePipe(Lsun/java2d/SunGraphics2D;)V @ 670
Event: 13598.548 Thread 0x00007fc40025c000 Uncommon trap: reason=unstable_if action=reinterpret pc=0x000000011308eea4 method=sun.java2d.loops.Blit.getFromCache(Lsun/java2d/loops/SurfaceType;Lsun/java2d/loops/CompositeType;Lsun/java2d/loops/SurfaceType;)Lsun/java2d/loops/Blit; @ 11
Event: 13598.585 Thread 0x00007fc40025c000 Uncommon trap: reason=bimorphic action=maybe_recompile pc=0x000000011398b40c method=javax.swing.RepaintManager$4.run()Ljava/lang/Void; @ 91
Event: 13598.758 Thread 0x00007fc40025c000 Uncommon trap: reason=bimorphic action=maybe_recompile pc=0x000000011398b40c method=javax.swing.RepaintManager$4.run()Ljava/lang/Void; @ 91

Internal exceptions (10 events):
Event: 359.083 Thread 0x00007fc4090b5800 Exception <a 'java/lang/NoSuchMethodError': <clinit>> (0x000000076db61f38) thrown at [/Users/java_re/workspace/8-2-build-macosx-x86_64/jdk8u111/7883/hotspot/src/share/vm/prims/jni.cpp, line 1613]
Event: 360.034 Thread 0x00007fc40025c000 Exception <a 'java/io/FileNotFoundException'> (0x000000076b27f1d0) thrown at [/Users/java_re/workspace/8-2-build-macosx-x86_64/jdk8u111/7883/hotspot/src/share/vm/prims/jni.cpp, line 709]
Event: 390.404 Thread 0x00007fc3ff11e000 Implicit null exception at 0x000000011355f823 to 0x000000011355fd75
Event: 395.266 Thread 0x00007fc3ff11e000 Exception <a 'java/lang/InterruptedException': sleep interrupted> (0x000000076e18bde0) thrown at [/Users/java_re/workspace/8-2-build-macosx-x86_64/jdk8u111/7883/hotspot/src/share/vm/prims/jvm.cpp, line 3224]
Event: 400.742 Thread 0x00007fc3ff11e000 Exception <a 'java/lang/InterruptedException': sleep interrupted> (0x000000076b504ac8) thrown at [/Users/java_re/workspace/8-2-build-macosx-x86_64/jdk8u111/7883/hotspot/src/share/vm/prims/jvm.cpp, line 3224]
Event: 403.592 Thread 0x00007fc3ff11e000 Exception <a 'java/lang/InterruptedException': sleep interrupted> (0x000000076b31a8b8) thrown at [/Users/java_re/workspace/8-2-build-macosx-x86_64/jdk8u111/7883/hotspot/src/share/vm/prims/jvm.cpp, line 3224]
Event: 414.967 Thread 0x00007fc3ff11e000 Exception <a 'java/lang/InterruptedException': sleep interrupted> (0x000000076b2ed610) thrown at [/Users/java_re/workspace/8-2-build-macosx-x86_64/jdk8u111/7883/hotspot/src/share/vm/prims/jvm.cpp, line 3224]
Event: 460.113 Thread 0x00007fc3ff11e000 Exception <a 'java/lang/InterruptedException': sleep interrupted> (0x000000076adeeef0) thrown at [/Users/java_re/workspace/8-2-build-macosx-x86_64/jdk8u111/7883/hotspot/src/share/vm/prims/jvm.cpp, line 3224]
Event: 464.002 Thread 0x00007fc40025c000 Implicit null exception at 0x0000000113439b13 to 0x000000011343a781
Event: 3491.389 Thread 0x00007fc40025c000 Implicit null exception at 0x0000000113027778 to 0x0000000113027aed

Events (10 events):
Event: 14464.458 Executing VM operation: RevokeBias done
Event: 14508.641 Thread 0x00007fc3fc953000 Thread added: 0x00007fc3fc953000
Event: 14583.656 Thread 0x00007fc3fc953000 Thread exited: 0x00007fc3fc953000
Event: 14764.470 Executing VM operation: RevokeBias
Event: 14764.470 Executing VM operation: RevokeBias done
Event: 14808.643 Thread 0x00007fc3eca81000 Thread added: 0x00007fc3eca81000
Event: 14808.644 Executing VM operation: RevokeBias
Event: 14808.645 Executing VM operation: RevokeBias done
Event: 14860.630 Executing VM operation: ParallelGCSystemGC
Event: 14860.715 Executing VM operation: ParallelGCSystemGC done


Dynamic libraries:
0x000000001b874000 	/System/Library/Frameworks/Cocoa.framework/Versions/A/Cocoa
0x000000001b874000 	/System/Library/Frameworks/Security.framework/Versions/A/Security
0x000000001b874000 	/System/Library/Frameworks/ApplicationServices.framework/Versions/A/ApplicationServices
0x000000001b874000 	/usr/lib/libz.1.dylib
0x000000001b874000 	/usr/lib/libSystem.B.dylib
0x000000001b874000 	/usr/lib/libobjc.A.dylib
0x000000001b874000 	/System/Library/Frameworks/CoreFoundation.framework/Versions/A/CoreFoundation
0x000000001b874000 	/System/Library/Frameworks/Foundation.framework/Versions/C/Foundation
0x000000001b874000 	/System/Library/Frameworks/AppKit.framework/Versions/C/AppKit
0x000000001b874000 	/System/Library/Frameworks/CoreData.framework/Versions/A/CoreData
0x000000001b874000 	/System/Library/PrivateFrameworks/RemoteViewServices.framework/Versions/A/RemoteViewServices
0x000000001b874000 	/System/Library/PrivateFrameworks/UIFoundation.framework/Versions/A/UIFoundation
0x000000001b874000 	/System/Library/PrivateFrameworks/DFRFoundation.framework/Versions/A/DFRFoundation
0x000000001b874000 	/System/Library/Frameworks/Metal.framework/Versions/A/Metal
0x000000001b874000 	/System/Library/PrivateFrameworks/DesktopServicesPriv.framework/Versions/A/DesktopServicesPriv
0x000000001b874000 	/usr/lib/libenergytrace.dylib
0x000000001b874000 	/System/Library/PrivateFrameworks/SkyLight.framework/Versions/A/SkyLight
0x000000001b874000 	/System/Library/Frameworks/CoreGraphics.framework/Versions/A/CoreGraphics
0x000000001b874000 	/usr/lib/libScreenReader.dylib
0x000000001b874000 	/System/Library/Frameworks/Accelerate.framework/Versions/A/Accelerate
0x000000001b874000 	/System/Library/Frameworks/IOSurface.framework/Versions/A/IOSurface
0x000000001b874000 	/System/Library/Frameworks/AudioToolbox.framework/Versions/A/AudioToolbox
0x000000001b874000 	/System/Library/Frameworks/AudioUnit.framework/Versions/A/AudioUnit
0x000000001b874000 	/System/Library/PrivateFrameworks/DataDetectorsCore.framework/Versions/A/DataDetectorsCore
0x000000001b874000 	/System/Library/Frameworks/Carbon.framework/Versions/A/Frameworks/HIToolbox.framework/Versions/A/HIToolbox
0x000000001b874000 	/usr/lib/libicucore.A.dylib
0x000000001b874000 	/System/Library/Frameworks/QuartzCore.framework/Versions/A/QuartzCore
0x000000001b874000 	/System/Library/PrivateFrameworks/SignpostNotification.framework/Versions/A/SignpostNotification
0x000000001b874000 	/System/Library/Frameworks/Carbon.framework/Versions/A/Frameworks/SpeechRecognition.framework/Versions/A/SpeechRecognition
0x000000001b874000 	/usr/lib/libauto.dylib
0x000000001b874000 	/usr/lib/libxml2.2.dylib
0x000000001b874000 	/System/Library/PrivateFrameworks/CoreUI.framework/Versions/A/CoreUI
0x000000001b874000 	/System/Library/Frameworks/CoreAudio.framework/Versions/A/CoreAudio
0x000000001b874000 	/System/Library/Frameworks/DiskArbitration.framework/Versions/A/DiskArbitration
0x000000001b874000 	/usr/lib/liblangid.dylib
0x000000001b874000 	/System/Library/PrivateFrameworks/MultitouchSupport.framework/Versions/A/MultitouchSupport
0x000000001b874000 	/System/Library/Frameworks/IOKit.framework/Versions/A/IOKit
0x000000001b874000 	/usr/lib/libDiagnosticMessagesClient.dylib
0x000000001b874000 	/System/Library/Frameworks/CoreServices.framework/Versions/A/CoreServices
0x000000001b874000 	/System/Library/PrivateFrameworks/PerformanceAnalysis.framework/Versions/A/PerformanceAnalysis
0x000000001b874000 	/System/Library/Frameworks/OpenGL.framework/Versions/A/OpenGL
0x000000001b874000 	/System/Library/Frameworks/ColorSync.framework/Versions/A/ColorSync
0x000000001b874000 	/System/Library/Frameworks/CoreImage.framework/Versions/A/CoreImage
0x000000001b874000 	/System/Library/Frameworks/CoreText.framework/Versions/A/CoreText
0x000000001b874000 	/System/Library/Frameworks/ImageIO.framework/Versions/A/ImageIO
0x000000001b874000 	/System/Library/PrivateFrameworks/Backup.framework/Versions/A/Backup
0x000000001b874000 	/usr/lib/libarchive.2.dylib
0x000000001b874000 	/System/Library/Frameworks/CFNetwork.framework/Versions/A/CFNetwork
0x000000001b874000 	/System/Library/Frameworks/SystemConfiguration.framework/Versions/A/SystemConfiguration
0x000000001b874000 	/usr/lib/libCRFSuite.dylib
0x000000001b874000 	/usr/lib/libc++.1.dylib
0x000000001b874000 	/usr/lib/libc++abi.dylib
0x000000001b874000 	/usr/lib/system/libcache.dylib
0x000000001b874000 	/usr/lib/system/libcommonCrypto.dylib
0x000000001b874000 	/usr/lib/system/libcompiler_rt.dylib
0x000000001b874000 	/usr/lib/system/libcopyfile.dylib
0x000000001b874000 	/usr/lib/system/libcorecrypto.dylib
0x000000001b874000 	/usr/lib/system/libdispatch.dylib
0x000000001b874000 	/usr/lib/system/libdyld.dylib
0x000000001b874000 	/usr/lib/system/libkeymgr.dylib
0x000000001b874000 	/usr/lib/system/liblaunch.dylib
0x000000001b874000 	/usr/lib/system/libmacho.dylib
0x000000001b874000 	/usr/lib/system/libquarantine.dylib
0x000000001b874000 	/usr/lib/system/libremovefile.dylib
0x000000001b874000 	/usr/lib/system/libsystem_asl.dylib
0x000000001b874000 	/usr/lib/system/libsystem_blocks.dylib
0x000000001b874000 	/usr/lib/system/libsystem_c.dylib
0x000000001b874000 	/usr/lib/system/libsystem_configuration.dylib
0x000000001b874000 	/usr/lib/system/libsystem_coreservices.dylib
0x000000001b874000 	/usr/lib/system/libsystem_darwin.dylib
0x000000001b874000 	/usr/lib/system/libsystem_dnssd.dylib
0x000000001b874000 	/usr/lib/system/libsystem_info.dylib
0x000000001b874000 	/usr/lib/system/libsystem_m.dylib
0x000000001b874000 	/usr/lib/system/libsystem_malloc.dylib
0x000000001b874000 	/usr/lib/system/libsystem_network.dylib
0x000000001b874000 	/usr/lib/system/libsystem_networkextension.dylib
0x000000001b874000 	/usr/lib/system/libsystem_notify.dylib
0x000000001b874000 	/usr/lib/system/libsystem_sandbox.dylib
0x000000001b874000 	/usr/lib/system/libsystem_secinit.dylib
0x000000001b874000 	/usr/lib/system/libsystem_kernel.dylib
0x000000001b874000 	/usr/lib/system/libsystem_platform.dylib
0x000000001b874000 	/usr/lib/system/libsystem_pthread.dylib
0x000000001b874000 	/usr/lib/system/libsystem_symptoms.dylib
0x000000001b874000 	/usr/lib/system/libsystem_trace.dylib
0x000000001b874000 	/usr/lib/system/libunwind.dylib
0x000000001b874000 	/usr/lib/system/libxpc.dylib
0x000000001b874000 	/usr/lib/closure/libclosured.dylib
0x000000001b874000 	/usr/lib/libbsm.0.dylib
0x000000001b874000 	/usr/lib/system/libkxld.dylib
0x000000001b874000 	/usr/lib/libOpenScriptingUtil.dylib
0x000000001b874000 	/usr/lib/libcoretls.dylib
0x000000001b874000 	/usr/lib/libcoretls_cfhelpers.dylib
0x000000001b874000 	/usr/lib/libpam.2.dylib
0x000000001b874000 	/usr/lib/libsqlite3.dylib
0x000000001b874000 	/usr/lib/libxar.1.dylib
0x000000001b874000 	/usr/lib/libbz2.1.0.dylib
0x000000001b874000 	/usr/lib/liblzma.5.dylib
0x000000001b874000 	/usr/lib/libnetwork.dylib
0x000000001b874000 	/usr/lib/libapple_nghttp2.dylib
0x000000001b874000 	/usr/lib/libpcap.A.dylib
0x000000001b874000 	/usr/lib/libboringssl.dylib
0x000000001b874000 	/usr/lib/libusrtcp.dylib
0x000000001b874000 	/usr/lib/libapple_crypto.dylib
0x000000001b874000 	/System/Library/Frameworks/CoreServices.framework/Versions/A/Frameworks/FSEvents.framework/Versions/A/FSEvents
0x000000001b874000 	/System/Library/Frameworks/CoreServices.framework/Versions/A/Frameworks/CarbonCore.framework/Versions/A/CarbonCore
0x000000001b874000 	/System/Library/Frameworks/CoreServices.framework/Versions/A/Frameworks/Metadata.framework/Versions/A/Metadata
0x000000001b874000 	/System/Library/Frameworks/CoreServices.framework/Versions/A/Frameworks/OSServices.framework/Versions/A/OSServices
0x000000001b874000 	/System/Library/Frameworks/CoreServices.framework/Versions/A/Frameworks/SearchKit.framework/Versions/A/SearchKit
0x000000001b874000 	/System/Library/Frameworks/CoreServices.framework/Versions/A/Frameworks/AE.framework/Versions/A/AE
0x000000001b874000 	/System/Library/Frameworks/CoreServices.framework/Versions/A/Frameworks/LaunchServices.framework/Versions/A/LaunchServices
0x000000001b874000 	/System/Library/Frameworks/CoreServices.framework/Versions/A/Frameworks/DictionaryServices.framework/Versions/A/DictionaryServices
0x000000001b874000 	/System/Library/Frameworks/CoreServices.framework/Versions/A/Frameworks/SharedFileList.framework/Versions/A/SharedFileList
0x000000001b874000 	/System/Library/Frameworks/NetFS.framework/Versions/A/NetFS
0x000000001b874000 	/System/Library/PrivateFrameworks/NetAuth.framework/Versions/A/NetAuth
0x000000001b874000 	/System/Library/PrivateFrameworks/login.framework/Versions/A/Frameworks/loginsupport.framework/Versions/A/loginsupport
0x000000001b874000 	/System/Library/PrivateFrameworks/TCC.framework/Versions/A/TCC
0x000000001b874000 	/usr/lib/libmecabra.dylib
0x000000001b874000 	/System/Library/Frameworks/ApplicationServices.framework/Versions/A/Frameworks/ATS.framework/Versions/A/ATS
0x000000001b874000 	/System/Library/Frameworks/ApplicationServices.framework/Versions/A/Frameworks/ColorSyncLegacy.framework/Versions/A/ColorSyncLegacy
0x000000001b874000 	/System/Library/Frameworks/ApplicationServices.framework/Versions/A/Frameworks/HIServices.framework/Versions/A/HIServices
0x000000001b874000 	/System/Library/Frameworks/ApplicationServices.framework/Versions/A/Frameworks/LangAnalysis.framework/Versions/A/LangAnalysis
0x000000001b874000 	/System/Library/Frameworks/ApplicationServices.framework/Versions/A/Frameworks/PrintCore.framework/Versions/A/PrintCore
0x000000001b874000 	/System/Library/Frameworks/ApplicationServices.framework/Versions/A/Frameworks/QD.framework/Versions/A/QD
0x000000001b874000 	/System/Library/Frameworks/ApplicationServices.framework/Versions/A/Frameworks/SpeechSynthesis.framework/Versions/A/SpeechSynthesis
0x000000001b874000 	/System/Library/Frameworks/CoreDisplay.framework/Versions/A/CoreDisplay
0x000000001b874000 	/System/Library/Frameworks/Accelerate.framework/Versions/A/Frameworks/vImage.framework/Versions/A/vImage
0x000000001b874000 	/System/Library/Frameworks/Accelerate.framework/Versions/A/Frameworks/vecLib.framework/Versions/A/vecLib
0x000000001b874000 	/System/Library/Frameworks/Accelerate.framework/Versions/A/Frameworks/vecLib.framework/Versions/A/libvDSP.dylib
0x000000001b874000 	/System/Library/Frameworks/Accelerate.framework/Versions/A/Frameworks/vecLib.framework/Versions/A/libBNNS.dylib
0x000000001b874000 	/System/Library/Frameworks/Accelerate.framework/Versions/A/Frameworks/vecLib.framework/Versions/A/libQuadrature.dylib
0x000000001b874000 	/System/Library/Frameworks/Accelerate.framework/Versions/A/Frameworks/vecLib.framework/Versions/A/libvMisc.dylib
0x000000001b874000 	/System/Library/Frameworks/Accelerate.framework/Versions/A/Frameworks/vecLib.framework/Versions/A/libLAPACK.dylib
0x000000001b874000 	/System/Library/Frameworks/Accelerate.framework/Versions/A/Frameworks/vecLib.framework/Versions/A/libBLAS.dylib
0x000000001b874000 	/System/Library/Frameworks/Accelerate.framework/Versions/A/Frameworks/vecLib.framework/Versions/A/libLinearAlgebra.dylib
0x000000001b874000 	/System/Library/Frameworks/Accelerate.framework/Versions/A/Frameworks/vecLib.framework/Versions/A/libSparse.dylib
0x000000001b874000 	/System/Library/Frameworks/Accelerate.framework/Versions/A/Frameworks/vecLib.framework/Versions/A/libSparseBLAS.dylib
0x000000001b874000 	/System/Library/PrivateFrameworks/GPUWrangler.framework/Versions/A/GPUWrangler
0x000000001b874000 	/System/Library/PrivateFrameworks/IOAccelerator.framework/Versions/A/IOAccelerator
0x000000001b874000 	/System/Library/PrivateFrameworks/IOPresentment.framework/Versions/A/IOPresentment
0x000000001b874000 	/System/Library/PrivateFrameworks/DSExternalDisplay.framework/Versions/A/DSExternalDisplay
0x000000001b874000 	/System/Library/Frameworks/OpenGL.framework/Versions/A/Libraries/libCoreFSCache.dylib
0x000000001b874000 	/System/Library/Frameworks/CoreVideo.framework/Versions/A/CoreVideo
0x000000001b874000 	/System/Library/PrivateFrameworks/GraphVisualizer.framework/Versions/A/GraphVisualizer
0x000000001b874000 	/System/Library/Frameworks/MetalPerformanceShaders.framework/Versions/A/MetalPerformanceShaders
0x000000001b874000 	/usr/lib/libFosl_dynamic.dylib
0x000000001b874000 	/System/Library/PrivateFrameworks/FaceCore.framework/Versions/A/FaceCore
0x000000001b874000 	/System/Library/Frameworks/OpenCL.framework/Versions/A/OpenCL
0x000000001b874000 	/usr/lib/libcompression.dylib
0x000000001b874000 	/System/Library/Frameworks/ApplicationServices.framework/Versions/A/Frameworks/ATS.framework/Versions/A/Resources/libFontParser.dylib
0x000000001b874000 	/System/Library/Frameworks/ApplicationServices.framework/Versions/A/Frameworks/ATS.framework/Versions/A/Resources/libFontRegistry.dylib
0x000000001b874000 	/System/Library/Frameworks/ImageIO.framework/Versions/A/Resources/libJPEG.dylib
0x000000001b874000 	/System/Library/Frameworks/ImageIO.framework/Versions/A/Resources/libTIFF.dylib
0x000000001b874000 	/System/Library/Frameworks/ImageIO.framework/Versions/A/Resources/libPng.dylib
0x000000001b874000 	/System/Library/Frameworks/ImageIO.framework/Versions/A/Resources/libGIF.dylib
0x000000001b874000 	/System/Library/Frameworks/ImageIO.framework/Versions/A/Resources/libJP2.dylib
0x000000001b874000 	/System/Library/Frameworks/ImageIO.framework/Versions/A/Resources/libRadiance.dylib
0x000000001b874000 	/System/Library/PrivateFrameworks/AppleJPEG.framework/Versions/A/AppleJPEG
0x000000001b874000 	/System/Library/Frameworks/MetalPerformanceShaders.framework/Frameworks/MPSCore.framework/Versions/A/MPSCore
0x000000001b874000 	/System/Library/Frameworks/MetalPerformanceShaders.framework/Frameworks/MPSImage.framework/Versions/A/MPSImage
0x000000001b874000 	/System/Library/Frameworks/MetalPerformanceShaders.framework/Frameworks/MPSNeuralNetwork.framework/Versions/A/MPSNeuralNetwork
0x000000001b874000 	/System/Library/Frameworks/MetalPerformanceShaders.framework/Frameworks/MPSMatrix.framework/Versions/A/MPSMatrix
0x000000001b874000 	/System/Library/PrivateFrameworks/MetalTools.framework/Versions/A/MetalTools
0x000000001b874000 	/System/Library/Frameworks/OpenGL.framework/Versions/A/Libraries/libGLU.dylib
0x000000001b874000 	/System/Library/Frameworks/OpenGL.framework/Versions/A/Libraries/libGFXShared.dylib
0x000000001b874000 	/System/Library/Frameworks/OpenGL.framework/Versions/A/Libraries/libGL.dylib
0x000000001b874000 	/System/Library/Frameworks/OpenGL.framework/Versions/A/Libraries/libGLImage.dylib
0x000000001b874000 	/System/Library/Frameworks/OpenGL.framework/Versions/A/Libraries/libCVMSPluginSupport.dylib
0x000000001b874000 	/System/Library/Frameworks/OpenGL.framework/Versions/A/Libraries/libCoreVMClient.dylib
0x000000001b874000 	/usr/lib/libcups.2.dylib
0x000000001b874000 	/System/Library/Frameworks/Kerberos.framework/Versions/A/Kerberos
0x000000001b874000 	/System/Library/Frameworks/GSS.framework/Versions/A/GSS
0x000000001b874000 	/usr/lib/libresolv.9.dylib
0x000000001b874000 	/usr/lib/libiconv.2.dylib
0x000000001b874000 	/System/Library/PrivateFrameworks/Heimdal.framework/Versions/A/Heimdal
0x000000001b874000 	/usr/lib/libheimdal-asn1.dylib
0x000000001b874000 	/System/Library/Frameworks/OpenDirectory.framework/Versions/A/OpenDirectory
0x000000001b874000 	/System/Library/PrivateFrameworks/CommonAuth.framework/Versions/A/CommonAuth
0x000000001b874000 	/System/Library/Frameworks/OpenDirectory.framework/Versions/A/Frameworks/CFOpenDirectory.framework/Versions/A/CFOpenDirectory
0x000000001b874000 	/System/Library/Frameworks/SecurityFoundation.framework/Versions/A/SecurityFoundation
0x000000001b874000 	/System/Library/PrivateFrameworks/APFS.framework/Versions/A/APFS
0x000000001b874000 	/usr/lib/libutil.dylib
0x000000001b874000 	/System/Library/PrivateFrameworks/AppleSauce.framework/Versions/A/AppleSauce
0x000000001b874000 	/System/Library/PrivateFrameworks/LinguisticData.framework/Versions/A/LinguisticData
0x000000001b874000 	/usr/lib/libmarisa.dylib
0x000000001b874000 	/System/Library/PrivateFrameworks/Lexicon.framework/Versions/A/Lexicon
0x000000001b874000 	/usr/lib/libChineseTokenizer.dylib
0x000000001b874000 	/usr/lib/libcmph.dylib
0x000000001b874000 	/System/Library/PrivateFrameworks/LanguageModeling.framework/Versions/A/LanguageModeling
0x000000001b874000 	/System/Library/PrivateFrameworks/CoreEmoji.framework/Versions/A/CoreEmoji
0x000000001b874000 	/System/Library/Frameworks/ServiceManagement.framework/Versions/A/ServiceManagement
0x000000001b874000 	/System/Library/PrivateFrameworks/BackgroundTaskManagement.framework/Versions/A/BackgroundTaskManagement
0x000000001b874000 	/usr/lib/libxslt.1.dylib
0x000000001b874000 	/System/Library/Frameworks/Carbon.framework/Versions/A/Frameworks/Ink.framework/Versions/A/Ink
0x000000001b874000 	/System/Library/PrivateFrameworks/TextureIO.framework/Versions/A/TextureIO
0x000000001b874000 	/usr/lib/libate.dylib
0x000000001b874000 	/System/Library/PrivateFrameworks/CrashReporterSupport.framework/Versions/A/CrashReporterSupport
0x000000001b874000 	/System/Library/PrivateFrameworks/Sharing.framework/Versions/A/Sharing
0x000000001b874000 	/System/Library/PrivateFrameworks/IconServices.framework/Versions/A/IconServices
0x000000001b874000 	/System/Library/PrivateFrameworks/Apple80211.framework/Versions/A/Apple80211
0x000000001b874000 	/System/Library/PrivateFrameworks/CoreUtils.framework/Versions/A/CoreUtils
0x000000001b874000 	/System/Library/Frameworks/CoreWLAN.framework/Versions/A/CoreWLAN
0x000000001b874000 	/System/Library/Frameworks/IOBluetooth.framework/Versions/A/IOBluetooth
0x000000001b874000 	/System/Library/PrivateFrameworks/ProtocolBuffer.framework/Versions/A/ProtocolBuffer
0x000000001b874000 	/System/Library/PrivateFrameworks/CoreWiFi.framework/Versions/A/CoreWiFi
0x000000001b874000 	/System/Library/Frameworks/CoreBluetooth.framework/Versions/A/CoreBluetooth
0x000000001b874000 	/System/Library/PrivateFrameworks/DebugSymbols.framework/Versions/A/DebugSymbols
0x000000001b874000 	/System/Library/PrivateFrameworks/CoreSymbolication.framework/Versions/A/CoreSymbolication
0x000000001b874000 	/System/Library/PrivateFrameworks/Symbolication.framework/Versions/A/Symbolication
0x000000001b874000 	/System/Library/PrivateFrameworks/AppleFSCompression.framework/Versions/A/AppleFSCompression
0x000000001b874000 	/System/Library/PrivateFrameworks/SpeechRecognitionCore.framework/Versions/A/SpeechRecognitionCore
0x000000010fe00000 	/private/var/folders/mh/nt3p58_53ps0w9ckkkck1pgr0000gn/T/AppTranslocation/E4C60560-8943-4EDD-A585-F3F22C9F2D2B/d/Greenfoot.app/Contents/JDK/Home/jre/lib/server/libjvm.dylib
0x000000001b874000 	/usr/lib/libstdc++.6.0.9.dylib
0x000000010ec6b000 	/private/var/folders/mh/nt3p58_53ps0w9ckkkck1pgr0000gn/T/AppTranslocation/E4C60560-8943-4EDD-A585-F3F22C9F2D2B/d/Greenfoot.app/Contents/JDK/Home/jre/lib/libverify.dylib
0x000000010ec79000 	/private/var/folders/mh/nt3p58_53ps0w9ckkkck1pgr0000gn/T/AppTranslocation/E4C60560-8943-4EDD-A585-F3F22C9F2D2B/d/Greenfoot.app/Contents/JDK/Home/jre/lib/libjava.dylib
0x000000010ecaf000 	/private/var/folders/mh/nt3p58_53ps0w9ckkkck1pgr0000gn/T/AppTranslocation/E4C60560-8943-4EDD-A585-F3F22C9F2D2B/d/Greenfoot.app/Contents/JDK/Home/jre/lib/libjdwp.dylib
0x000000010ecfa000 	/private/var/folders/mh/nt3p58_53ps0w9ckkkck1pgr0000gn/T/AppTranslocation/E4C60560-8943-4EDD-A585-F3F22C9F2D2B/d/Greenfoot.app/Contents/JDK/Home/jre/lib/libnpt.dylib
0x000000010ed47000 	/private/var/folders/mh/nt3p58_53ps0w9ckkkck1pgr0000gn/T/AppTranslocation/E4C60560-8943-4EDD-A585-F3F22C9F2D2B/d/Greenfoot.app/Contents/JDK/Home/jre/lib/libzip.dylib
0x000000001b874000 	/System/Library/Frameworks/JavaVM.framework/Versions/A/Frameworks/JavaRuntimeSupport.framework/Versions/A/JavaRuntimeSupport
0x000000001b874000 	/System/Library/Frameworks/JavaVM.framework/Versions/A/Frameworks/JavaNativeFoundation.framework/Versions/A/JavaNativeFoundation
0x000000001b874000 	/System/Library/Frameworks/JavaVM.framework/Versions/A/JavaVM
0x000000001b874000 	/System/Library/Frameworks/Carbon.framework/Versions/A/Carbon
0x000000001b874000 	/System/Library/PrivateFrameworks/JavaLaunching.framework/Versions/A/JavaLaunching
0x000000001b874000 	/System/Library/Frameworks/Carbon.framework/Versions/A/Frameworks/CommonPanels.framework/Versions/A/CommonPanels
0x000000001b874000 	/System/Library/Frameworks/Carbon.framework/Versions/A/Frameworks/Help.framework/Versions/A/Help
0x000000001b874000 	/System/Library/Frameworks/Carbon.framework/Versions/A/Frameworks/ImageCapture.framework/Versions/A/ImageCapture
0x000000001b874000 	/System/Library/Frameworks/Carbon.framework/Versions/A/Frameworks/OpenScripting.framework/Versions/A/OpenScripting
0x000000001b874000 	/System/Library/Frameworks/Carbon.framework/Versions/A/Frameworks/Print.framework/Versions/A/Print
0x000000001b874000 	/System/Library/Frameworks/Carbon.framework/Versions/A/Frameworks/SecurityHI.framework/Versions/A/SecurityHI
0x000000010edf1000 	/private/var/folders/mh/nt3p58_53ps0w9ckkkck1pgr0000gn/T/AppTranslocation/E4C60560-8943-4EDD-A585-F3F22C9F2D2B/d/Greenfoot.app/Contents/JDK/Home/jre/lib/libdt_socket.dylib
0x000000012d84c000 	/private/var/folders/mh/nt3p58_53ps0w9ckkkck1pgr0000gn/T/AppTranslocation/E4C60560-8943-4EDD-A585-F3F22C9F2D2B/d/Greenfoot.app/Contents/JDK/Home/jre/lib/libawt.dylib
0x000000012d8f4000 	/private/var/folders/mh/nt3p58_53ps0w9ckkkck1pgr0000gn/T/AppTranslocation/E4C60560-8943-4EDD-A585-F3F22C9F2D2B/d/Greenfoot.app/Contents/JDK/Home/jre/lib/./libmlib_image.dylib
0x000000012d9c0000 	/private/var/folders/mh/nt3p58_53ps0w9ckkkck1pgr0000gn/T/AppTranslocation/E4C60560-8943-4EDD-A585-F3F22C9F2D2B/d/Greenfoot.app/Contents/JDK/Home/jre/lib/libawt_lwawt.dylib
0x000000012da75000 	/private/var/folders/mh/nt3p58_53ps0w9ckkkck1pgr0000gn/T/AppTranslocation/E4C60560-8943-4EDD-A585-F3F22C9F2D2B/d/Greenfoot.app/Contents/JDK/Home/jre/lib/./libosxapp.dylib
0x000000001b874000 	/System/Library/Frameworks/ExceptionHandling.framework/Versions/A/ExceptionHandling
0x000000001b874000 	/System/Library/PrivateFrameworks/CoreServicesInternal.framework/Versions/A/CoreServicesInternal
0x000000001b874000 	/System/Library/CoreServices/RawCamera.bundle/Contents/MacOS/RawCamera
0x000000001b874000 	/System/Library/PrivateFrameworks/MobileAsset.framework/Versions/A/MobileAsset
0x000000001b874000 	/System/Library/PrivateFrameworks/StreamingZip.framework/Versions/A/StreamingZip
0x000000001b874000 	/System/Library/Frameworks/MediaToolbox.framework/Versions/A/MediaToolbox
0x000000001b874000 	/System/Library/PrivateFrameworks/CoreAVCHD.framework/Versions/A/CoreAVCHD
0x000000001b874000 	/System/Library/Frameworks/MediaAccessibility.framework/Versions/A/MediaAccessibility
0x000000001b874000 	/System/Library/PrivateFrameworks/Mangrove.framework/Versions/A/Mangrove
0x000000001b874000 	/System/Library/Frameworks/CoreMedia.framework/Versions/A/CoreMedia
0x000000001b874000 	/System/Library/Frameworks/VideoToolbox.framework/Versions/A/VideoToolbox
0x000000001b874000 	/System/Library/PrivateFrameworks/CoreAUC.framework/Versions/A/CoreAUC
0x000000001b874000 	/usr/lib/libspindump.dylib
0x000000001b874000 	/System/Library/PrivateFrameworks/AppleVA.framework/Versions/A/AppleVA
0x000000001b874000 	/System/Library/Frameworks/Accelerate.framework/Versions/A/Frameworks/vImage.framework/Versions/A/Libraries/libCGInterfaces.dylib
0x000000001b874000 	/System/Library/Frameworks/ApplicationServices.framework/Versions/A/Frameworks/ATS.framework/Versions/A/Resources/libTrueTypeScaler.dylib
0x000000012f667000 	/System/Library/Extensions/AMDMTLBronzeDriver.bundle/Contents/MacOS/AMDMTLBronzeDriver
0x000000001b874000 	/System/Library/PrivateFrameworks/IOAccelMemoryInfo.framework/Versions/A/IOAccelMemoryInfo
0x000000001b874000 	/System/Library/Extensions/AppleIntelKBLGraphicsMTLDriver.bundle/Contents/MacOS/AppleIntelKBLGraphicsMTLDriver
0x000000001b874000 	/System/Library/PrivateFrameworks/GPUCompiler.framework/Versions/3802/Libraries/libmetal_timestamp.dylib
0x000000001b874000 	/System/Library/PrivateFrameworks/FamilyControls.framework/Versions/A/FamilyControls
0x000000001b874000 	/System/Library/PrivateFrameworks/CommerceKit.framework/Versions/A/Frameworks/CommerceCore.framework/Versions/A/CommerceCore
0x000000001b874000 	/System/Library/PrivateFrameworks/SystemAdministration.framework/Versions/A/SystemAdministration
0x000000001b874000 	/System/Library/PrivateFrameworks/AppContainer.framework/Versions/A/AppContainer
0x000000001b874000 	/System/Library/PrivateFrameworks/SecCodeWrapper.framework/Versions/A/SecCodeWrapper
0x000000001b874000 	/System/Library/PrivateFrameworks/DiskManagement.framework/Versions/A/DiskManagement
0x000000001b874000 	/System/Library/Frameworks/DirectoryService.framework/Versions/A/DirectoryService
0x000000001b874000 	/System/Library/PrivateFrameworks/DiskImages.framework/Versions/A/DiskImages
0x000000001b874000 	/System/Library/PrivateFrameworks/LoginUIKit.framework/Versions/A/Frameworks/LoginUICore.framework/Versions/A/LoginUICore
0x000000001b874000 	/usr/lib/libCoreStorage.dylib
0x000000001b874000 	/usr/lib/libcsfde.dylib
0x000000001b874000 	/usr/lib/libodfde.dylib
0x000000001b874000 	/System/Library/PrivateFrameworks/MediaKit.framework/Versions/A/MediaKit
0x000000001b874000 	/System/Library/Frameworks/DiscRecording.framework/Versions/A/DiscRecording
0x000000001b874000 	/System/Library/PrivateFrameworks/EFILogin.framework/Versions/A/EFILogin
0x000000001b874000 	/System/Library/PrivateFrameworks/ProtectedCloudStorage.framework/Versions/A/ProtectedCloudStorage
0x000000001b874000 	/usr/lib/libcurl.4.dylib
0x000000001b874000 	/usr/lib/libcrypto.35.dylib
0x000000001b874000 	/usr/lib/libssl.35.dylib
0x000000001b874000 	/System/Library/Frameworks/LDAP.framework/Versions/A/LDAP
0x000000001b874000 	/System/Library/PrivateFrameworks/TrustEvaluationAgent.framework/Versions/A/TrustEvaluationAgent
0x000000001b874000 	/usr/lib/libsasl2.2.dylib
0x000000001b874000 	/System/Library/PrivateFrameworks/CoreDaemon.framework/Versions/B/CoreDaemon
0x000000001b874000 	/System/Library/PrivateFrameworks/AppleSRP.framework/Versions/A/AppleSRP
0x000000001b874000 	/System/Library/Frameworks/OpenGL.framework/Versions/A/Resources/GLEngine.bundle/GLEngine
0x000000001b874000 	/System/Library/Frameworks/OpenGL.framework/Versions/A/Libraries/libGLProgrammability.dylib
0x0000000131060000 	/System/Library/Extensions/AppleIntelKBLGraphicsGLDriver.bundle/Contents/MacOS/AppleIntelKBLGraphicsGLDriver
0x000000001b874000 	/System/Library/PrivateFrameworks/GPUSupport.framework/Versions/A/Libraries/libGPUSupportMercury.dylib
0x0000000132320000 	/System/Library/Extensions/AMDRadeonX4000GLDriver.bundle/Contents/MacOS/AMDRadeonX4000GLDriver
0x000000001b874000 	/System/Library/Extensions/AMDRadeonX4000GLDriver.bundle/Contents/MacOS/ATIRadeonX4000SCLib.dylib
0x000000001b874000 	/System/Library/Frameworks/OpenGL.framework/Versions/A/Resources/GLRendererFloat.bundle/GLRendererFloat
0x000000001b874000 	/System/Library/Frameworks/OpenCL.framework/Versions/A/Libraries/libcldcpuengine.dylib
0x000000013296e000 	/private/var/folders/mh/nt3p58_53ps0w9ckkkck1pgr0000gn/T/AppTranslocation/E4C60560-8943-4EDD-A585-F3F22C9F2D2B/d/Greenfoot.app/Contents/JDK/Home/jre/lib/libfontmanager.dylib
0x0000000132a5c000 	/private/var/folders/mh/nt3p58_53ps0w9ckkkck1pgr0000gn/T/AppTranslocation/E4C60560-8943-4EDD-A585-F3F22C9F2D2B/d/Greenfoot.app/Contents/JDK/Home/jre/lib/libnet.dylib
0x0000000132fda000 	/private/var/folders/mh/nt3p58_53ps0w9ckkkck1pgr0000gn/T/AppTranslocation/E4C60560-8943-4EDD-A585-F3F22C9F2D2B/d/Greenfoot.app/Contents/JDK/Home/jre/lib/libnio.dylib
0x0000000132fea000 	/private/var/folders/mh/nt3p58_53ps0w9ckkkck1pgr0000gn/T/AppTranslocation/E4C60560-8943-4EDD-A585-F3F22C9F2D2B/d/Greenfoot.app/Contents/JDK/Home/jre/lib/libprism_es2.dylib
0x000000013324d000 	/private/var/folders/mh/nt3p58_53ps0w9ckkkck1pgr0000gn/T/AppTranslocation/E4C60560-8943-4EDD-A585-F3F22C9F2D2B/d/Greenfoot.app/Contents/JDK/Home/jre/lib/libglass.dylib
0x0000000133be5000 	/private/var/folders/mh/nt3p58_53ps0w9ckkkck1pgr0000gn/T/AppTranslocation/E4C60560-8943-4EDD-A585-F3F22C9F2D2B/d/Greenfoot.app/Contents/JDK/Home/jre/lib/libosxui.dylib
0x000000012f387000 	/private/var/folders/mh/nt3p58_53ps0w9ckkkck1pgr0000gn/T/AppTranslocation/E4C60560-8943-4EDD-A585-F3F22C9F2D2B/d/Greenfoot.app/Contents/JDK/Home/jre/lib/libjsound.dylib
0x000000001b874000 	/System/Library/Frameworks/CoreMIDI.framework/Versions/A/CoreMIDI
0x000000001b874000 	/usr/lib/libexpat.1.dylib
0x000000012f40d000 	/System/Library/Extensions/AppleHDA.kext/Contents/PlugIns/AppleHDAHALPlugIn.bundle/Contents/MacOS/AppleHDAHALPlugIn
0x00000001a0f62000 	/private/var/folders/mh/nt3p58_53ps0w9ckkkck1pgr0000gn/T/AppTranslocation/E4C60560-8943-4EDD-A585-F3F22C9F2D2B/d/Greenfoot.app/Contents/JDK/Home/jre/lib/libjpeg.dylib
0x00000001a0f8f000 	/private/var/folders/mh/nt3p58_53ps0w9ckkkck1pgr0000gn/T/AppTranslocation/E4C60560-8943-4EDD-A585-F3F22C9F2D2B/d/Greenfoot.app/Contents/JDK/Home/jre/lib/liblcms.dylib
0x000000001b874000 	/System/Library/PrivateFrameworks/ViewBridge.framework/Versions/A/ViewBridge
0x000000001b874000 	/System/Library/PrivateFrameworks/Shortcut.framework/Versions/A/Shortcut
0x000000001b874000 	/System/Library/PrivateFrameworks/HelpData.framework/Versions/A/HelpData
0x000000001b874000 	/System/Library/PrivateFrameworks/CloudDocs.framework/Versions/A/CloudDocs
0x000000001b874000 	/System/Library/PrivateFrameworks/FileProvider.framework/Versions/A/FileProvider
0x000000001b874000 	/System/Library/PrivateFrameworks/SpotlightIndex.framework/Versions/A/SpotlightIndex
0x000000001b874000 	/System/Library/PrivateFrameworks/SymptomDiagnosticReporter.framework/Versions/A/SymptomDiagnosticReporter
0x000000001b874000 	/System/Library/PrivateFrameworks/GenerationalStorage.framework/Versions/A/GenerationalStorage
0x000000001b874000 	/System/Library/PrivateFrameworks/ChunkingLibrary.framework/Versions/A/ChunkingLibrary
0x000000001b874000 	/System/Library/PrivateFrameworks/CoreNLP.framework/Versions/A/CoreNLP
0x000000001b874000 	/usr/lib/libmecab.1.0.0.dylib
0x000000001b874000 	/usr/lib/libgermantok.dylib
0x000000001b874000 	/usr/lib/libThaiTokenizer.dylib
0x00000001a1b2d000 	/private/var/folders/mh/nt3p58_53ps0w9ckkkck1pgr0000gn/T/AppTranslocation/E4C60560-8943-4EDD-A585-F3F22C9F2D2B/d/Greenfoot.app/Contents/JDK/Home/jre/lib/libdcpr.dylib
0x00000001a4bd4000 	/System/Library/Components/CoreAudio.component/Contents/MacOS/CoreAudio
0x000000001b874000 	/System/Library/PrivateFrameworks/login.framework/Versions/A/login

VM Arguments:
jvm_args: -Dawt.useSystemAAFontSettings=on -XX:MaxGCPauseMillis=50 -agentlib:jdwp=transport=dt_socket,address=127.0.0.1:55698 -Dfile.encoding=UTF-8 
java_command: bluej.runtime.ExecServer UTF-8
java_class_path (initial): /private/var/folders/mh/nt3p58_53ps0w9ckkkck1pgr0000gn/T/AppTranslocation/E4C60560-8943-4EDD-A585-F3F22C9F2D2B/d/Greenfoot.app/Contents/Resources/Java/extensions/greenfoot.jar:/private/var/folders/mh/nt3p58_53ps0w9ckkkck1pgr0000gn/T/AppTranslocation/E4C60560-8943-4EDD-A585-F3F22C9F2D2B/d/Greenfoot.app/Contents/Resources/Java/bluejcore.jar:/private/var/folders/mh/nt3p58_53ps0w9ckkkck1pgr0000gn/T/AppTranslocation/E4C60560-8943-4EDD-A585-F3F22C9F2D2B/d/Greenfoot.app/Contents/Resources/Java/bluejeditor.jar:/private/var/folders/mh/nt3p58_53ps0w9ckkkck1pgr0000gn/T/AppTranslocation/E4C60560-8943-4EDD-A585-F3F22C9F2D2B/d/Greenfoot.app/Contents/Resources/Java/bluejext.jar:/private/var/folders/mh/nt3p58_53ps0w9ckkkck1pgr0000gn/T/AppTranslocation/E4C60560-8943-4EDD-A585-F3F22C9F2D2B/d/Greenfoot.app/Contents/Resources/Java/AppleJavaExtensions.jar:/private/var/folders/mh/nt3p58_53ps0w9ckkkck1pgr0000gn/T/AppTranslocation/E4C60560-8943-4EDD-A585-F3F22C9F2D2B/d/Greenfoot.app/Contents/Resources/Java/junit-4.11.jar:/private/var/folders/mh/nt3p58_53ps0w9ckkkck1pgr0000gn/T/AppTranslocation/E4C60560-8943-4EDD-A585-F3F22C9F2D2B/d/Greenfoot.app/Contents/Resources/Java/hamcrest-core-1.3.jar:/private/var/folders/mh/nt3p58_53ps0w9ckkkck1pgr0000gn/T/AppTranslocation/E4C60560-8943-4EDD-A585-F3F22C9F2D2B/d/Greenfoot.app/Contents/Resources/Java/bluej.jar:/private/var/folders/mh/nt3p58_53ps0w9ckkkck1pgr0000gn/T/AppTranslocation/E4C60560-8943-4EDD-A585-F3F22C9F2D2B/d/Greenfoot.app/Contents/Resources/Java/diffutils-1.2.1.jar:/private/var/folders/mh/nt3p58_53ps0w9ckkkck1pgr0000gn/T/AppTranslocation/E4C60560-8943-4EDD-A585-F3F22C9F2D2B/d/Greenfoot.app/Contents/Resources/Java/commons-httpclient-3.1.jar:/private/var/folders/mh/nt3p58_53ps0w9ckkkck1pgr0000gn/T/AppTranslocation/E4C60560-8943-4EDD-A585-F3F22C9F2D2B/d/Greenfoot.app/Contents/Resources/Java/commons-logging-api-1.1.2.jar:/private/var/folders/mh/nt3p58_53ps0w9ckkkck1pgr0000gn/T/AppTranslocation/E4C60560-8943-4EDD-A
Launcher Type: SUN_STANDARD

Environment Variables:
PATH=/usr/bin:/bin:/usr/sbin:/sbin
SHELL=/bin/zsh

Signal Handlers:
SIGSEGV: [libjvm.dylib+0x5b03ed], sa_mask[0]=11111111011111110111111111111111, sa_flags=SA_ONSTACK|SA_RESTART|SA_SIGINFO
SIGBUS: [libjvm.dylib+0x5b03ed], sa_mask[0]=11111111011111110111111111111111, sa_flags=SA_RESTART|SA_SIGINFO
SIGFPE: [libjvm.dylib+0x48711c], sa_mask[0]=11111111011111110111111111111111, sa_flags=SA_RESTART|SA_SIGINFO
SIGPIPE: [libjvm.dylib+0x48711c], sa_mask[0]=11111111011111110111111111111111, sa_flags=SA_RESTART|SA_SIGINFO
SIGXFSZ: [libjvm.dylib+0x48711c], sa_mask[0]=11111111011111110111111111111111, sa_flags=SA_RESTART|SA_SIGINFO
SIGILL: [libjvm.dylib+0x48711c], sa_mask[0]=11111111011111110111111111111111, sa_flags=SA_RESTART|SA_SIGINFO
SIGUSR1: SIG_DFL, sa_mask[0]=00000000000000000000000000000000, sa_flags=none
SIGUSR2: [libjvm.dylib+0x486c3a], sa_mask[0]=00100000000000000000000000000000, sa_flags=SA_RESTART|SA_SIGINFO
SIGHUP: [libjvm.dylib+0x485211], sa_mask[0]=11111111011111110111111111111111, sa_flags=SA_RESTART|SA_SIGINFO
SIGINT: [libjvm.dylib+0x485211], sa_mask[0]=11111111011111110111111111111111, sa_flags=SA_RESTART|SA_SIGINFO
SIGTERM: [libjvm.dylib+0x485211], sa_mask[0]=11111111011111110111111111111111, sa_flags=SA_RESTART|SA_SIGINFO
SIGQUIT: [libjvm.dylib+0x485211], sa_mask[0]=11111111011111110111111111111111, sa_flags=SA_RESTART|SA_SIGINFO


---------------  S Y S T E M  ---------------

OS:Bsduname:Darwin 17.5.0 Darwin Kernel Version 17.5.0: Fri Apr 13 19:32:32 PDT 2018; root:xnu-4570.51.2~1/RELEASE_X86_64 x86_64
rlimit: STACK 8192k, CORE 0k, NPROC 1418, NOFILE 10240, AS infinity
load average:2.83 2.65 2.51

CPU:total 8 (4 cores per cpu, 2 threads per core) family 6 model 158 stepping 9, cmov, cx8, fxsr, mmx, sse, sse2, sse3, ssse3, sse4.1, sse4.2, popcnt, avx, avx2, aes, clmul, erms, rtm, 3dnowpref, lzcnt, ht, tsc, tscinvbit, bmi1, bmi2, adx

Memory: 4k page, physical 16777216k(198404k free)

/proc/meminfo:


vm_info: Java HotSpot(TM) 64-Bit Server VM (25.111-b14) for bsd-amd64 JRE (1.8.0_111-b14), built on Sep 22 2016 15:31:41 by "java_re" with gcc 4.2.1 (Based on Apple Inc. build 5658) (LLVM build 2336.11.00)

time: Wed Apr 25 05:12:18 2018
elapsed time: 14860 seconds (0d 4h 7m 40s)

